[2020.08.01-11.44.10:678][  0]Log file open, 08/01/20 18:44:10
[2020.08.01-11.44.10:678][  0]LogPakFile: Warning: Mount:../../../CodeVein/Content/Paks/pakchunk1-WindowsNoEditor.pak:3
[2020.08.01-11.44.10:678][  0]LogPakFile: Warning: Mount:../../../CodeVein/Content/Paks/pakchunk0-WindowsNoEditor.pak:3
[2020.08.01-11.44.10:678][  0]LogPakFile: Warning: Mount:../../../CodeVein/Content/Paks/asdas~mods/NudeModNippleUpdateBarefoot.pak:3
[2020.08.01-11.44.10:678][  0]LogWindows: Warning: Steam Language:en-US
[2020.08.01-11.44.10:678][  0]LogMemory: Platform Memory Stats for WindowsNoEditor
[2020.08.01-11.44.10:678][  0]LogMemory: Process Physical Memory: 729.77 MB used, 729.77 MB peak
[2020.08.01-11.44.10:678][  0]LogMemory: Process Virtual Memory: 508.57 MB used, 586.29 MB peak
[2020.08.01-11.44.10:678][  0]LogMemory: Physical Memory: 4979.00 MB used,  3126.85 MB free, 8105.84 MB total
[2020.08.01-11.44.10:678][  0]LogMemory: Virtual Memory: 5241.10 MB used,  3126.85 MB free, 134217728.00 MB total
[2020.08.01-11.44.13:500][  0]LogTextLocalizationResource: Warning: Loaded localization resources contain conflicting entries for (Namespace:WindowsDynamicRHI, Key:RequiredDX11Feature):
    Localization Resource: (D:/Software/Code Vein/CodeVein/Content/Localization/Game/en/Game.locres) Source String Hash: (-1358149466) Localized String: (Graphics card drivers either have not been installed or are out of date.)
    Localization Resource: (D:/Software/Code Vein/Engine/Content/Localization/Engine/en/Engine.locres) Source String Hash: (-234599921) Localized String: (DX11 feature level 10.0 is required to run the engine.)
[2020.08.01-11.44.33:782][  0]LogScriptCore: Warning: Script Msg: No world was found for object (/Script/Extensions.Default__CheckPointBase) passed in to UEngine::GetWorldFromContextObject().
[2020.08.01-11.44.33:783][  0]LogScriptCore: Warning: Script Msg: No world was found for object (/Script/Extensions.Default__ChestBase) passed in to UEngine::GetWorldFromContextObject().
[2020.08.01-11.44.34:826][  0]LogScriptCore: Warning: Script Msg: No world was found for object (/Script/Extensions.Default__ItemChestBase) passed in to UEngine::GetWorldFromContextObject().
[2020.08.01-11.44.35:080][  0]LogScriptCore: Warning: Script Msg: No world was found for object (/Script/Extensions.Default__LightGimmickBase) passed in to UEngine::GetWorldFromContextObject().
[2020.08.01-11.44.35:900][  0]LogScriptCore: Warning: Script Msg: No world was found for object (/Script/Extensions.Default__SluiceGateBase) passed in to UEngine::GetWorldFromContextObject().
[2020.08.01-11.44.35:909][  0]LogScriptCore: Warning: Script Msg: No world was found for object (/Script/Extensions.Default__TideGimmickBase) passed in to UEngine::GetWorldFromContextObject().
[2020.08.01-11.44.44:942][  0]LogInit: Warning: Engine Branch: trunk
[2020.08.01-11.44.44:942][  0]LogInit: Warning: Engine Revision: r19879
[2020.08.01-11.44.44:942][  0]LogInit: Warning: Project Branch: master_101_steam
[2020.08.01-11.44.44:942][  0]LogInit: Warning: Project Revision: r86038
[2020.08.01-11.44.44:965][  0]LogUObjectAllocator: Warning: 10184848 Exceeds size of permanent object pool 8283072, please tune SizeOfPermanentObjectPool.
[2020.08.01-11.45.06:532][  0]LogGameProgress: Warning: Group DungeonKey に空白のシンボルがあります
[2020.08.01-11.45.09:265][  0]LogScriptCore: Error: Script Msg: A null object was passed as a world context object to UEngine::GetWorldFromContextObject().
[2020.08.01-11.45.32:624][  0]LogOnline: Warning: STEAM: No game present to join for session (GameSession)
[2020.08.01-11.45.34:393][  0]r.DefaultFeature.AntiAliasing = "0"
[2020.08.01-11.45.34:394][  0]r.AmbientOcclusionRadiusScale = "1"
[2020.08.01-11.45.34:394][  0]r.DefaultFeature.MotionBlur = "1"
[2020.08.01-11.45.34:395][  0]r.Tonemapper.Quality = "5"
[2020.08.01-11.45.34:395][  0]r.MaterialQualityLevel = "1"
[2020.08.01-11.45.34:445][  0]r.DepthOfFieldQuality = "4"
[2020.08.01-11.45.34:447][  0]LogOnline: Warning: STEAM: GetAchievementAndUnlockTime() failed for achievement 'Id01'
[2020.08.01-11.45.34:448][  0]LogOnline: Warning: STEAM: GetAchievementAndUnlockTime() failed for achievement 'Id03'
[2020.08.01-11.45.34:448][  0]LogOnline: Warning: STEAM: GetAchievementAndUnlockTime() failed for achievement 'Id04'
[2020.08.01-11.45.34:448][  0]LogOnline: Warning: STEAM: GetAchievementAndUnlockTime() failed for achievement 'Id44'
[2020.08.01-11.45.34:448][  0]LogOnline: Warning: STEAM: GetAchievementAndUnlockTime() failed for achievement 'Id05'
[2020.08.01-11.45.34:448][  0]LogOnline: Warning: STEAM: GetAchievementAndUnlockTime() failed for achievement 'Id06'
[2020.08.01-11.45.34:448][  0]LogOnline: Warning: STEAM: GetAchievementAndUnlockTime() failed for achievement 'Id07'
[2020.08.01-11.45.34:448][  0]LogOnline: Warning: STEAM: GetAchievementAndUnlockTime() failed for achievement 'Id08'
[2020.08.01-11.45.34:448][  0]LogOnline: Warning: STEAM: GetAchievementAndUnlockTime() failed for achievement 'Id09'
[2020.08.01-11.45.34:448][  0]LogOnline: Warning: STEAM: GetAchievementAndUnlockTime() failed for achievement 'Id10'
[2020.08.01-11.45.34:449][  0]LogOnline: Warning: STEAM: GetAchievementAndUnlockTime() failed for achievement 'Id11'
[2020.08.01-11.45.34:449][  0]LogOnline: Warning: STEAM: GetAchievementAndUnlockTime() failed for achievement 'Id12'
[2020.08.01-11.45.34:449][  0]LogOnline: Warning: STEAM: GetAchievementAndUnlockTime() failed for achievement 'Id13'
[2020.08.01-11.45.34:449][  0]LogOnline: Warning: STEAM: GetAchievementAndUnlockTime() failed for achievement 'Id14'
[2020.08.01-11.45.34:449][  0]LogOnline: Warning: STEAM: GetAchievementAndUnlockTime() failed for achievement 'Id15'
[2020.08.01-11.45.34:449][  0]LogOnline: Warning: STEAM: GetAchievementAndUnlockTime() failed for achievement 'Id16'
[2020.08.01-11.45.34:449][  0]LogOnline: Warning: STEAM: GetAchievementAndUnlockTime() failed for achievement 'Id38'
[2020.08.01-11.45.34:449][  0]LogOnline: Warning: STEAM: GetAchievementAndUnlockTime() failed for achievement 'Id17'
[2020.08.01-11.45.34:449][  0]LogOnline: Warning: STEAM: GetAchievementAndUnlockTime() failed for achievement 'Id18'
[2020.08.01-11.45.34:449][  0]LogOnline: Warning: STEAM: GetAchievementAndUnlockTime() failed for achievement 'Id19'
[2020.08.01-11.45.34:449][  0]LogOnline: Warning: STEAM: GetAchievementAndUnlockTime() failed for achievement 'Id20'
[2020.08.01-11.45.34:449][  0]LogOnline: Warning: STEAM: GetAchievementAndUnlockTime() failed for achievement 'Id21'
[2020.08.01-11.45.34:449][  0]LogOnline: Warning: STEAM: GetAchievementAndUnlockTime() failed for achievement 'Id22'
[2020.08.01-11.45.34:449][  0]LogOnline: Warning: STEAM: GetAchievementAndUnlockTime() failed for achievement 'Id23'
[2020.08.01-11.45.34:449][  0]LogOnline: Warning: STEAM: GetAchievementAndUnlockTime() failed for achievement 'Id24'
[2020.08.01-11.45.34:449][  0]LogOnline: Warning: STEAM: GetAchievementAndUnlockTime() failed for achievement 'Id25'
[2020.08.01-11.45.34:450][  0]LogOnline: Warning: STEAM: GetAchievementAndUnlockTime() failed for achievement 'Id26'
[2020.08.01-11.45.34:450][  0]LogOnline: Warning: STEAM: GetAchievementAndUnlockTime() failed for achievement 'Id27'
[2020.08.01-11.45.34:450][  0]LogOnline: Warning: STEAM: GetAchievementAndUnlockTime() failed for achievement 'Id28'
[2020.08.01-11.45.34:450][  0]LogOnline: Warning: STEAM: GetAchievementAndUnlockTime() failed for achievement 'Id29'
[2020.08.01-11.45.34:450][  0]LogOnline: Warning: STEAM: GetAchievementAndUnlockTime() failed for achievement 'Id47'
[2020.08.01-11.45.34:450][  0]LogOnline: Warning: STEAM: GetAchievementAndUnlockTime() failed for achievement 'Id30'
[2020.08.01-11.45.34:450][  0]LogOnline: Warning: STEAM: GetAchievementAndUnlockTime() failed for achievement 'Id32'
[2020.08.01-11.45.34:450][  0]LogOnline: Warning: STEAM: GetAchievementAndUnlockTime() failed for achievement 'Id33'
[2020.08.01-11.45.34:450][  0]LogOnline: Warning: STEAM: GetAchievementAndUnlockTime() failed for achievement 'Id34'
[2020.08.01-11.45.34:450][  0]LogOnline: Warning: STEAM: GetAchievementAndUnlockTime() failed for achievement 'Id35'
[2020.08.01-11.45.34:450][  0]LogOnline: Warning: STEAM: GetAchievementAndUnlockTime() failed for achievement 'Id36'
[2020.08.01-11.45.34:450][  0]LogOnline: Warning: STEAM: GetAchievementAndUnlockTime() failed for achievement 'Id37'
[2020.08.01-11.45.34:450][  0]LogOnline: Warning: STEAM: GetAchievementAndUnlockTime() failed for achievement 'Id39'
[2020.08.01-11.45.34:450][  0]LogOnline: Warning: STEAM: GetAchievementAndUnlockTime() failed for achievement 'Id40'
[2020.08.01-11.45.34:450][  0]LogOnline: Warning: STEAM: GetAchievementAndUnlockTime() failed for achievement 'Id41'
[2020.08.01-11.45.34:450][  0]LogOnline: Warning: STEAM: GetAchievementAndUnlockTime() failed for achievement 'Id42'
[2020.08.01-11.45.34:450][  0]LogOnline: Warning: STEAM: GetAchievementAndUnlockTime() failed for achievement 'Id43'
[2020.08.01-11.45.36:175][  1]LogOnline: Warning: STEAM: Failed to obtain steam user stats, user: Player [0x110000100000666] has no stats entries
[2020.08.01-11.45.36:175][  1]LogOnline: Warning: Async task 'FOnlineAsyncTaskSteamGetAchievements bWasSuccessful: 0 UserId: Player [0x110000100000666]' failed in 1.677529 seconds
[2020.08.01-11.45.37:993][  1]LogLevel: Warning: EnableInput on a LevelScript actor can not be specified for only one PlayerController.  Enabling for all PlayerControllers.
[2020.08.01-11.45.39:076][  3]LogOnline: Warning: STEAM: GetAchievementAndUnlockTime() failed for achievement 'Id01'
[2020.08.01-11.45.39:076][  3]LogOnline: Warning: STEAM: GetAchievementAndUnlockTime() failed for achievement 'Id03'
[2020.08.01-11.45.39:076][  3]LogOnline: Warning: STEAM: GetAchievementAndUnlockTime() failed for achievement 'Id04'
[2020.08.01-11.45.39:076][  3]LogOnline: Warning: STEAM: GetAchievementAndUnlockTime() failed for achievement 'Id44'
[2020.08.01-11.45.39:076][  3]LogOnline: Warning: STEAM: GetAchievementAndUnlockTime() failed for achievement 'Id05'
[2020.08.01-11.45.39:077][  3]LogOnline: Warning: STEAM: GetAchievementAndUnlockTime() failed for achievement 'Id06'
[2020.08.01-11.45.39:077][  3]LogOnline: Warning: STEAM: GetAchievementAndUnlockTime() failed for achievement 'Id07'
[2020.08.01-11.45.39:077][  3]LogOnline: Warning: STEAM: GetAchievementAndUnlockTime() failed for achievement 'Id08'
[2020.08.01-11.45.39:077][  3]LogOnline: Warning: STEAM: GetAchievementAndUnlockTime() failed for achievement 'Id09'
[2020.08.01-11.45.39:077][  3]LogOnline: Warning: STEAM: GetAchievementAndUnlockTime() failed for achievement 'Id10'
[2020.08.01-11.45.39:077][  3]LogOnline: Warning: STEAM: GetAchievementAndUnlockTime() failed for achievement 'Id11'
[2020.08.01-11.45.39:077][  3]LogOnline: Warning: STEAM: GetAchievementAndUnlockTime() failed for achievement 'Id12'
[2020.08.01-11.45.39:077][  3]LogOnline: Warning: STEAM: GetAchievementAndUnlockTime() failed for achievement 'Id13'
[2020.08.01-11.45.39:077][  3]LogOnline: Warning: STEAM: GetAchievementAndUnlockTime() failed for achievement 'Id14'
[2020.08.01-11.45.39:077][  3]LogOnline: Warning: STEAM: GetAchievementAndUnlockTime() failed for achievement 'Id15'
[2020.08.01-11.45.39:077][  3]LogOnline: Warning: STEAM: GetAchievementAndUnlockTime() failed for achievement 'Id16'
[2020.08.01-11.45.39:077][  3]LogOnline: Warning: STEAM: GetAchievementAndUnlockTime() failed for achievement 'Id38'
[2020.08.01-11.45.39:077][  3]LogOnline: Warning: STEAM: GetAchievementAndUnlockTime() failed for achievement 'Id17'
[2020.08.01-11.45.39:078][  3]LogOnline: Warning: STEAM: GetAchievementAndUnlockTime() failed for achievement 'Id18'
[2020.08.01-11.45.39:078][  3]LogOnline: Warning: STEAM: GetAchievementAndUnlockTime() failed for achievement 'Id19'
[2020.08.01-11.45.39:078][  3]LogOnline: Warning: STEAM: GetAchievementAndUnlockTime() failed for achievement 'Id20'
[2020.08.01-11.45.39:078][  3]LogOnline: Warning: STEAM: GetAchievementAndUnlockTime() failed for achievement 'Id21'
[2020.08.01-11.45.39:078][  3]LogOnline: Warning: STEAM: GetAchievementAndUnlockTime() failed for achievement 'Id22'
[2020.08.01-11.45.39:078][  3]LogOnline: Warning: STEAM: GetAchievementAndUnlockTime() failed for achievement 'Id23'
[2020.08.01-11.45.39:078][  3]LogOnline: Warning: STEAM: GetAchievementAndUnlockTime() failed for achievement 'Id24'
[2020.08.01-11.45.39:078][  3]LogOnline: Warning: STEAM: GetAchievementAndUnlockTime() failed for achievement 'Id25'
[2020.08.01-11.45.39:078][  3]LogOnline: Warning: STEAM: GetAchievementAndUnlockTime() failed for achievement 'Id26'
[2020.08.01-11.45.39:079][  3]LogOnline: Warning: STEAM: GetAchievementAndUnlockTime() failed for achievement 'Id27'
[2020.08.01-11.45.39:082][  3]LogOnline: Warning: STEAM: GetAchievementAndUnlockTime() failed for achievement 'Id28'
[2020.08.01-11.45.39:082][  3]LogOnline: Warning: STEAM: GetAchievementAndUnlockTime() failed for achievement 'Id29'
[2020.08.01-11.45.39:082][  3]LogOnline: Warning: STEAM: GetAchievementAndUnlockTime() failed for achievement 'Id47'
[2020.08.01-11.45.39:082][  3]LogOnline: Warning: STEAM: GetAchievementAndUnlockTime() failed for achievement 'Id30'
[2020.08.01-11.45.39:082][  3]LogOnline: Warning: STEAM: GetAchievementAndUnlockTime() failed for achievement 'Id32'
[2020.08.01-11.45.39:082][  3]LogOnline: Warning: STEAM: GetAchievementAndUnlockTime() failed for achievement 'Id33'
[2020.08.01-11.45.39:082][  3]LogOnline: Warning: STEAM: GetAchievementAndUnlockTime() failed for achievement 'Id34'
[2020.08.01-11.45.39:082][  3]LogOnline: Warning: STEAM: GetAchievementAndUnlockTime() failed for achievement 'Id35'
[2020.08.01-11.45.39:082][  3]LogOnline: Warning: STEAM: GetAchievementAndUnlockTime() failed for achievement 'Id36'
[2020.08.01-11.45.39:082][  3]LogOnline: Warning: STEAM: GetAchievementAndUnlockTime() failed for achievement 'Id37'
[2020.08.01-11.45.39:082][  3]LogOnline: Warning: STEAM: GetAchievementAndUnlockTime() failed for achievement 'Id39'
[2020.08.01-11.45.39:082][  3]LogOnline: Warning: STEAM: GetAchievementAndUnlockTime() failed for achievement 'Id40'
[2020.08.01-11.45.39:082][  3]LogOnline: Warning: STEAM: GetAchievementAndUnlockTime() failed for achievement 'Id41'
[2020.08.01-11.45.39:083][  3]LogOnline: Warning: STEAM: GetAchievementAndUnlockTime() failed for achievement 'Id42'
[2020.08.01-11.45.39:083][  3]LogOnline: Warning: STEAM: GetAchievementAndUnlockTime() failed for achievement 'Id43'
[2020.08.01-11.45.57:974][ 62]LogSlateStyle: Warning: Unable to find Slate Widget Style 'Cancel'. Using FInlineTextImageStyle defaults instead.
[2020.08.01-11.45.57:976][ 62]LogSlateStyle: Warning: Unable to find Slate Widget Style 'MenuSpecialAction2'. Using FInlineTextImageStyle defaults instead.
[2020.08.01-11.46.01:119][239]LogGameProgress: Warning: SetProgress: None is null
[2020.08.01-11.46.10:063][534]LogWindows: Warning: CurrentBetaName=public
[2020.08.01-11.46.30:780][297]LogStreaming: Warning: Took 249.99ms to ProcessLoadedPackages
[2020.08.01-11.46.32:254][363]LogScriptCore: Warning: Script Msg: No world was found for object (/Game/Environment/FieldGimmick/Blueprints/CoreAssets/BP_ItemChestBase.Default__BP_ItemChestBase_C) passed in to UEngine::GetWorldFromContextObject().
[2020.08.01-11.46.32:322][367]LogScriptCore: Warning: Script Msg: No world was found for object (/Game/Environment/FieldGimmick/Blueprints/BP_ItemBox.Default__BP_ItemBox_C) passed in to UEngine::GetWorldFromContextObject().
[2020.08.01-11.46.32:323][367]LogScriptCore: Warning: Script Msg: No world was found for object (/Game/Environment/St07_Duomo/Maps/St07_Duomo_GameBP.St07_Duomo_GameBP:PersistentLevel.BP_ItemBox2_200) passed in to UEngine::GetWorldFromContextObject().
[2020.08.01-11.46.32:324][367]LogScriptCore: Warning: Script Msg: No world was found for object (/Game/Environment/St07_Duomo/Maps/St07_Duomo_GameBP.St07_Duomo_GameBP:PersistentLevel.BP_ItemBox3_374) passed in to UEngine::GetWorldFromContextObject().
[2020.08.01-11.46.32:324][367]LogScriptCore: Warning: Script Msg: No world was found for object (/Game/Environment/St07_Duomo/Maps/St07_Duomo_GameBP.St07_Duomo_GameBP:PersistentLevel.BP_ItemBox4_65) passed in to UEngine::GetWorldFromContextObject().
[2020.08.01-11.46.32:324][367]LogScriptCore: Warning: Script Msg: No world was found for object (/Game/Environment/St07_Duomo/Maps/St07_Duomo_GameBP.St07_Duomo_GameBP:PersistentLevel.BP_ItemBox5_206) passed in to UEngine::GetWorldFromContextObject().
[2020.08.01-11.46.32:324][367]LogScriptCore: Warning: Script Msg: No world was found for object (/Game/Environment/St07_Duomo/Maps/St07_Duomo_GameBP.St07_Duomo_GameBP:PersistentLevel.BP_ItemBox6_218) passed in to UEngine::GetWorldFromContextObject().
[2020.08.01-11.46.32:324][367]LogScriptCore: Warning: Script Msg: No world was found for object (/Game/Environment/St07_Duomo/Maps/St07_Duomo_GameBP.St07_Duomo_GameBP:PersistentLevel.BP_ItemBox_56) passed in to UEngine::GetWorldFromContextObject().
[2020.08.01-11.46.32:352][368]LogScriptCore: Warning: Script Msg: No world was found for object (/Game/Environment/FieldGimmick/Blueprints/CoreAssets/BP_CheckPointBase.Default__BP_CheckPointBase_C) passed in to UEngine::GetWorldFromContextObject().
[2020.08.01-11.46.32:352][368]LogScriptCore: Warning: Script Msg: No world was found for object (/Game/Environment/FieldGimmick/Blueprints/BP_CheckPoint.Default__BP_CheckPoint_C) passed in to UEngine::GetWorldFromContextObject().
[2020.08.01-11.46.32:352][368]LogScriptCore: Warning: Script Msg: No world was found for object (/Game/Environment/St07_Duomo/Maps/St07_Duomo_GameBP.St07_Duomo_GameBP:PersistentLevel.BP_CheckPoint1) passed in to UEngine::GetWorldFromContextObject().
[2020.08.01-11.46.32:352][368]LogScriptCore: Warning: Script Msg: No world was found for object (/Game/Environment/St07_Duomo/Maps/St07_Duomo_GameBP.St07_Duomo_GameBP:PersistentLevel.BP_CheckPoint2_545) passed in to UEngine::GetWorldFromContextObject().
[2020.08.01-11.46.32:352][368]LogScriptCore: Warning: Script Msg: No world was found for object (/Game/Environment/St07_Duomo/Maps/St07_Duomo_GameBP.St07_Duomo_GameBP:PersistentLevel.BP_CheckPoint2B) passed in to UEngine::GetWorldFromContextObject().
[2020.08.01-11.46.32:352][368]LogScriptCore: Warning: Script Msg: No world was found for object (/Game/Environment/St07_Duomo/Maps/St07_Duomo_GameBP.St07_Duomo_GameBP:PersistentLevel.BP_CheckPoint3_841) passed in to UEngine::GetWorldFromContextObject().
[2020.08.01-11.46.32:352][368]LogScriptCore: Warning: Script Msg: No world was found for object (/Game/Environment/St07_Duomo/Maps/St07_Duomo_GameBP.St07_Duomo_GameBP:PersistentLevel.BP_CheckPoint4) passed in to UEngine::GetWorldFromContextObject().
[2020.08.01-11.46.32:352][368]LogScriptCore: Warning: Script Msg: No world was found for object (/Game/Environment/St07_Duomo/Maps/St07_Duomo_GameBP.St07_Duomo_GameBP:PersistentLevel.BP_CheckPoint_46) passed in to UEngine::GetWorldFromContextObject().
[2020.08.01-11.46.32:352][368]LogScriptCore: Warning: Script Msg: No world was found for object (/Game/Environment/St07_Duomo/Maps/St07_Duomo_GameBP.St07_Duomo_GameBP:PersistentLevel.BP_CheckPoint_Boss) passed in to UEngine::GetWorldFromContextObject().
[2020.08.01-11.46.32:352][368]LogScriptCore: Warning: Script Msg: No world was found for object (/Game/Environment/St07_Duomo/Maps/St07_Duomo_GameBP.St07_Duomo_GameBP:PersistentLevel.BP_CheckPoint_Start) passed in to UEngine::GetWorldFromContextObject().
[2020.08.01-11.46.32:688][374]LogStreaming: Warning: Took 233.23ms to ProcessLoadedPackages
[2020.08.01-11.46.32:885][375]LogStreaming: Warning: Took 190.65ms to ProcessLoadedPackages
