[2020.08.23-13.10.03:103][  0]Log file open, 08/23/20 20:10:03
[2020.08.23-13.10.03:103][  0]LogPakFile: Warning: Mount:../../../CodeVein/Content/Paks/sdfdsfsd~mods/NudeModNippleUpdateBarefoot.pak:3
[2020.08.23-13.10.03:103][  0]LogPakFile: Warning: Mount:../../../CodeVein/Content/Paks/pakchunk1-WindowsNoEditor.pak:3
[2020.08.23-13.10.03:103][  0]LogPakFile: Warning: Mount:../../../CodeVein/Content/Paks/pakchunk0-WindowsNoEditor.pak:3
[2020.08.23-13.10.03:103][  0]LogWindows: Warning: Steam Language:en-US
[2020.08.23-13.10.03:103][  0]LogMemory: Platform Memory Stats for WindowsNoEditor
[2020.08.23-13.10.03:103][  0]LogMemory: Process Physical Memory: 730.97 MB used, 730.98 MB peak
[2020.08.23-13.10.03:103][  0]LogMemory: Process Virtual Memory: 511.85 MB used, 586.34 MB peak
[2020.08.23-13.10.03:103][  0]LogMemory: Physical Memory: 4966.75 MB used,  3167.59 MB free, 8134.34 MB total
[2020.08.23-13.10.03:103][  0]LogMemory: Virtual Memory: 5280.45 MB used,  3167.59 MB free, 134217728.00 MB total
[2020.08.23-13.10.05:178][  0]LogTextLocalizationResource: Warning: Loaded localization resources contain conflicting entries for (Namespace:WindowsDynamicRHI, Key:RequiredDX11Feature):
    Localization Resource: (D:/Games/Code Vein/CodeVein/Content/Localization/Game/en/Game.locres) Source String Hash: (-1358149466) Localized String: (Graphics card drivers either have not been installed or are out of date.)
    Localization Resource: (D:/Games/Code Vein/Engine/Content/Localization/Engine/en/Engine.locres) Source String Hash: (-234599921) Localized String: (DX11 feature level 10.0 is required to run the engine.)
[2020.08.23-13.10.16:665][  0]LogScriptCore: Warning: Script Msg: No world was found for object (/Script/Extensions.Default__CheckPointBase) passed in to UEngine::GetWorldFromContextObject().
[2020.08.23-13.10.16:666][  0]LogScriptCore: Warning: Script Msg: No world was found for object (/Script/Extensions.Default__ChestBase) passed in to UEngine::GetWorldFromContextObject().
[2020.08.23-13.10.17:419][  0]LogScriptCore: Warning: Script Msg: No world was found for object (/Script/Extensions.Default__ItemChestBase) passed in to UEngine::GetWorldFromContextObject().
[2020.08.23-13.10.17:603][  0]LogScriptCore: Warning: Script Msg: No world was found for object (/Script/Extensions.Default__LightGimmickBase) passed in to UEngine::GetWorldFromContextObject().
[2020.08.23-13.10.18:307][  0]LogScriptCore: Warning: Script Msg: No world was found for object (/Script/Extensions.Default__SluiceGateBase) passed in to UEngine::GetWorldFromContextObject().
[2020.08.23-13.10.18:322][  0]LogScriptCore: Warning: Script Msg: No world was found for object (/Script/Extensions.Default__TideGimmickBase) passed in to UEngine::GetWorldFromContextObject().
[2020.08.23-13.10.25:278][  0]LogInit: Warning: Engine Branch: trunk
[2020.08.23-13.10.25:278][  0]LogInit: Warning: Engine Revision: r19879
[2020.08.23-13.10.25:278][  0]LogInit: Warning: Project Branch: master_101_steam
[2020.08.23-13.10.25:278][  0]LogInit: Warning: Project Revision: r86038
[2020.08.23-13.10.25:299][  0]LogUObjectAllocator: Warning: 10184848 Exceeds size of permanent object pool 8283072, please tune SizeOfPermanentObjectPool.
[2020.08.23-13.10.42:197][  0]LogGameProgress: Warning: Group DungeonKey に空白のシンボルがあります
[2020.08.23-13.10.43:786][  0]LogScriptCore: Error: Script Msg: A null object was passed as a world context object to UEngine::GetWorldFromContextObject().
[2020.08.23-13.10.59:251][  0]LogOnline: Warning: STEAM: No game present to join for session (GameSession)
[2020.08.23-13.11.00:137][  0]r.DefaultFeature.AntiAliasing = "0"
[2020.08.23-13.11.00:138][  0]r.AmbientOcclusionRadiusScale = "1"
[2020.08.23-13.11.00:138][  0]r.DefaultFeature.MotionBlur = "1"
[2020.08.23-13.11.00:138][  0]r.Tonemapper.Quality = "5"
[2020.08.23-13.11.00:138][  0]r.MaterialQualityLevel = "1"
[2020.08.23-13.11.00:139][  0]r.DepthOfFieldQuality = "4"
[2020.08.23-13.11.00:151][  0]LogOnline: Warning: STEAM: GetAchievementAndUnlockTime() failed for achievement 'Id01'
[2020.08.23-13.11.00:151][  0]LogOnline: Warning: STEAM: GetAchievementAndUnlockTime() failed for achievement 'Id03'
[2020.08.23-13.11.00:151][  0]LogOnline: Warning: STEAM: GetAchievementAndUnlockTime() failed for achievement 'Id04'
[2020.08.23-13.11.00:151][  0]LogOnline: Warning: STEAM: GetAchievementAndUnlockTime() failed for achievement 'Id44'
[2020.08.23-13.11.00:151][  0]LogOnline: Warning: STEAM: GetAchievementAndUnlockTime() failed for achievement 'Id05'
[2020.08.23-13.11.00:151][  0]LogOnline: Warning: STEAM: GetAchievementAndUnlockTime() failed for achievement 'Id06'
[2020.08.23-13.11.00:151][  0]LogOnline: Warning: STEAM: GetAchievementAndUnlockTime() failed for achievement 'Id07'
[2020.08.23-13.11.00:151][  0]LogOnline: Warning: STEAM: GetAchievementAndUnlockTime() failed for achievement 'Id08'
[2020.08.23-13.11.00:151][  0]LogOnline: Warning: STEAM: GetAchievementAndUnlockTime() failed for achievement 'Id09'
[2020.08.23-13.11.00:151][  0]LogOnline: Warning: STEAM: GetAchievementAndUnlockTime() failed for achievement 'Id10'
[2020.08.23-13.11.00:151][  0]LogOnline: Warning: STEAM: GetAchievementAndUnlockTime() failed for achievement 'Id11'
[2020.08.23-13.11.00:151][  0]LogOnline: Warning: STEAM: GetAchievementAndUnlockTime() failed for achievement 'Id12'
[2020.08.23-13.11.00:151][  0]LogOnline: Warning: STEAM: GetAchievementAndUnlockTime() failed for achievement 'Id13'
[2020.08.23-13.11.00:151][  0]LogOnline: Warning: STEAM: GetAchievementAndUnlockTime() failed for achievement 'Id14'
[2020.08.23-13.11.00:151][  0]LogOnline: Warning: STEAM: GetAchievementAndUnlockTime() failed for achievement 'Id15'
[2020.08.23-13.11.00:151][  0]LogOnline: Warning: STEAM: GetAchievementAndUnlockTime() failed for achievement 'Id16'
[2020.08.23-13.11.00:151][  0]LogOnline: Warning: STEAM: GetAchievementAndUnlockTime() failed for achievement 'Id38'
[2020.08.23-13.11.00:151][  0]LogOnline: Warning: STEAM: GetAchievementAndUnlockTime() failed for achievement 'Id17'
[2020.08.23-13.11.00:151][  0]LogOnline: Warning: STEAM: GetAchievementAndUnlockTime() failed for achievement 'Id18'
[2020.08.23-13.11.00:151][  0]LogOnline: Warning: STEAM: GetAchievementAndUnlockTime() failed for achievement 'Id19'
[2020.08.23-13.11.00:151][  0]LogOnline: Warning: STEAM: GetAchievementAndUnlockTime() failed for achievement 'Id20'
[2020.08.23-13.11.00:151][  0]LogOnline: Warning: STEAM: GetAchievementAndUnlockTime() failed for achievement 'Id21'
[2020.08.23-13.11.00:151][  0]LogOnline: Warning: STEAM: GetAchievementAndUnlockTime() failed for achievement 'Id22'
[2020.08.23-13.11.00:151][  0]LogOnline: Warning: STEAM: GetAchievementAndUnlockTime() failed for achievement 'Id23'
[2020.08.23-13.11.00:151][  0]LogOnline: Warning: STEAM: GetAchievementAndUnlockTime() failed for achievement 'Id24'
[2020.08.23-13.11.00:151][  0]LogOnline: Warning: STEAM: GetAchievementAndUnlockTime() failed for achievement 'Id25'
[2020.08.23-13.11.00:151][  0]LogOnline: Warning: STEAM: GetAchievementAndUnlockTime() failed for achievement 'Id26'
[2020.08.23-13.11.00:151][  0]LogOnline: Warning: STEAM: GetAchievementAndUnlockTime() failed for achievement 'Id27'
[2020.08.23-13.11.00:152][  0]LogOnline: Warning: STEAM: GetAchievementAndUnlockTime() failed for achievement 'Id28'
[2020.08.23-13.11.00:152][  0]LogOnline: Warning: STEAM: GetAchievementAndUnlockTime() failed for achievement 'Id29'
[2020.08.23-13.11.00:152][  0]LogOnline: Warning: STEAM: GetAchievementAndUnlockTime() failed for achievement 'Id47'
[2020.08.23-13.11.00:152][  0]LogOnline: Warning: STEAM: GetAchievementAndUnlockTime() failed for achievement 'Id30'
[2020.08.23-13.11.00:152][  0]LogOnline: Warning: STEAM: GetAchievementAndUnlockTime() failed for achievement 'Id32'
[2020.08.23-13.11.00:152][  0]LogOnline: Warning: STEAM: GetAchievementAndUnlockTime() failed for achievement 'Id33'
[2020.08.23-13.11.00:152][  0]LogOnline: Warning: STEAM: GetAchievementAndUnlockTime() failed for achievement 'Id34'
[2020.08.23-13.11.00:152][  0]LogOnline: Warning: STEAM: GetAchievementAndUnlockTime() failed for achievement 'Id35'
[2020.08.23-13.11.00:152][  0]LogOnline: Warning: STEAM: GetAchievementAndUnlockTime() failed for achievement 'Id36'
[2020.08.23-13.11.00:152][  0]LogOnline: Warning: STEAM: GetAchievementAndUnlockTime() failed for achievement 'Id37'
[2020.08.23-13.11.00:152][  0]LogOnline: Warning: STEAM: GetAchievementAndUnlockTime() failed for achievement 'Id39'
[2020.08.23-13.11.00:152][  0]LogOnline: Warning: STEAM: GetAchievementAndUnlockTime() failed for achievement 'Id40'
[2020.08.23-13.11.00:152][  0]LogOnline: Warning: STEAM: GetAchievementAndUnlockTime() failed for achievement 'Id41'
[2020.08.23-13.11.00:152][  0]LogOnline: Warning: STEAM: GetAchievementAndUnlockTime() failed for achievement 'Id42'
[2020.08.23-13.11.00:152][  0]LogOnline: Warning: STEAM: GetAchievementAndUnlockTime() failed for achievement 'Id43'
[2020.08.23-13.11.01:279][  1]LogOnline: Warning: STEAM: Failed to obtain steam user stats, user: Player [0x110000100000666] has no stats entries
[2020.08.23-13.11.01:279][  1]LogOnline: Warning: Async task 'FOnlineAsyncTaskSteamGetAchievements bWasSuccessful: 0 UserId: Player [0x110000100000666]' failed in 1.072428 seconds
[2020.08.23-13.11.02:181][  1]LogLevel: Warning: EnableInput on a LevelScript actor can not be specified for only one PlayerController.  Enabling for all PlayerControllers.
[2020.08.23-13.11.02:433][  3]LogOnline: Warning: STEAM: GetAchievementAndUnlockTime() failed for achievement 'Id01'
[2020.08.23-13.11.02:434][  3]LogOnline: Warning: STEAM: GetAchievementAndUnlockTime() failed for achievement 'Id03'
[2020.08.23-13.11.02:434][  3]LogOnline: Warning: STEAM: GetAchievementAndUnlockTime() failed for achievement 'Id04'
[2020.08.23-13.11.02:434][  3]LogOnline: Warning: STEAM: GetAchievementAndUnlockTime() failed for achievement 'Id44'
[2020.08.23-13.11.02:434][  3]LogOnline: Warning: STEAM: GetAchievementAndUnlockTime() failed for achievement 'Id05'
[2020.08.23-13.11.02:434][  3]LogOnline: Warning: STEAM: GetAchievementAndUnlockTime() failed for achievement 'Id06'
[2020.08.23-13.11.02:434][  3]LogOnline: Warning: STEAM: GetAchievementAndUnlockTime() failed for achievement 'Id07'
[2020.08.23-13.11.02:434][  3]LogOnline: Warning: STEAM: GetAchievementAndUnlockTime() failed for achievement 'Id08'
[2020.08.23-13.11.02:434][  3]LogOnline: Warning: STEAM: GetAchievementAndUnlockTime() failed for achievement 'Id09'
[2020.08.23-13.11.02:434][  3]LogOnline: Warning: STEAM: GetAchievementAndUnlockTime() failed for achievement 'Id10'
[2020.08.23-13.11.02:434][  3]LogOnline: Warning: STEAM: GetAchievementAndUnlockTime() failed for achievement 'Id11'
[2020.08.23-13.11.02:434][  3]LogOnline: Warning: STEAM: GetAchievementAndUnlockTime() failed for achievement 'Id12'
[2020.08.23-13.11.02:434][  3]LogOnline: Warning: STEAM: GetAchievementAndUnlockTime() failed for achievement 'Id13'
[2020.08.23-13.11.02:434][  3]LogOnline: Warning: STEAM: GetAchievementAndUnlockTime() failed for achievement 'Id14'
[2020.08.23-13.11.02:434][  3]LogOnline: Warning: STEAM: GetAchievementAndUnlockTime() failed for achievement 'Id15'
[2020.08.23-13.11.02:434][  3]LogOnline: Warning: STEAM: GetAchievementAndUnlockTime() failed for achievement 'Id16'
[2020.08.23-13.11.02:434][  3]LogOnline: Warning: STEAM: GetAchievementAndUnlockTime() failed for achievement 'Id38'
[2020.08.23-13.11.02:434][  3]LogOnline: Warning: STEAM: GetAchievementAndUnlockTime() failed for achievement 'Id17'
[2020.08.23-13.11.02:434][  3]LogOnline: Warning: STEAM: GetAchievementAndUnlockTime() failed for achievement 'Id18'
[2020.08.23-13.11.02:434][  3]LogOnline: Warning: STEAM: GetAchievementAndUnlockTime() failed for achievement 'Id19'
[2020.08.23-13.11.02:434][  3]LogOnline: Warning: STEAM: GetAchievementAndUnlockTime() failed for achievement 'Id20'
[2020.08.23-13.11.02:434][  3]LogOnline: Warning: STEAM: GetAchievementAndUnlockTime() failed for achievement 'Id21'
[2020.08.23-13.11.02:434][  3]LogOnline: Warning: STEAM: GetAchievementAndUnlockTime() failed for achievement 'Id22'
[2020.08.23-13.11.02:434][  3]LogOnline: Warning: STEAM: GetAchievementAndUnlockTime() failed for achievement 'Id23'
[2020.08.23-13.11.02:434][  3]LogOnline: Warning: STEAM: GetAchievementAndUnlockTime() failed for achievement 'Id24'
[2020.08.23-13.11.02:434][  3]LogOnline: Warning: STEAM: GetAchievementAndUnlockTime() failed for achievement 'Id25'
[2020.08.23-13.11.02:435][  3]LogOnline: Warning: STEAM: GetAchievementAndUnlockTime() failed for achievement 'Id26'
[2020.08.23-13.11.02:435][  3]LogOnline: Warning: STEAM: GetAchievementAndUnlockTime() failed for achievement 'Id27'
[2020.08.23-13.11.02:435][  3]LogOnline: Warning: STEAM: GetAchievementAndUnlockTime() failed for achievement 'Id28'
[2020.08.23-13.11.02:435][  3]LogOnline: Warning: STEAM: GetAchievementAndUnlockTime() failed for achievement 'Id29'
[2020.08.23-13.11.02:435][  3]LogOnline: Warning: STEAM: GetAchievementAndUnlockTime() failed for achievement 'Id47'
[2020.08.23-13.11.02:435][  3]LogOnline: Warning: STEAM: GetAchievementAndUnlockTime() failed for achievement 'Id30'
[2020.08.23-13.11.02:435][  3]LogOnline: Warning: STEAM: GetAchievementAndUnlockTime() failed for achievement 'Id32'
[2020.08.23-13.11.02:435][  3]LogOnline: Warning: STEAM: GetAchievementAndUnlockTime() failed for achievement 'Id33'
[2020.08.23-13.11.02:435][  3]LogOnline: Warning: STEAM: GetAchievementAndUnlockTime() failed for achievement 'Id34'
[2020.08.23-13.11.02:435][  3]LogOnline: Warning: STEAM: GetAchievementAndUnlockTime() failed for achievement 'Id35'
[2020.08.23-13.11.02:435][  3]LogOnline: Warning: STEAM: GetAchievementAndUnlockTime() failed for achievement 'Id36'
[2020.08.23-13.11.02:435][  3]LogOnline: Warning: STEAM: GetAchievementAndUnlockTime() failed for achievement 'Id37'
[2020.08.23-13.11.02:435][  3]LogOnline: Warning: STEAM: GetAchievementAndUnlockTime() failed for achievement 'Id39'
[2020.08.23-13.11.02:435][  3]LogOnline: Warning: STEAM: GetAchievementAndUnlockTime() failed for achievement 'Id40'
[2020.08.23-13.11.02:435][  3]LogOnline: Warning: STEAM: GetAchievementAndUnlockTime() failed for achievement 'Id41'
[2020.08.23-13.11.02:435][  3]LogOnline: Warning: STEAM: GetAchievementAndUnlockTime() failed for achievement 'Id42'
[2020.08.23-13.11.02:435][  3]LogOnline: Warning: STEAM: GetAchievementAndUnlockTime() failed for achievement 'Id43'
[2020.08.23-13.11.10:622][429]LogOnline: Warning: STEAM: No game present to leave for session (GameSession)
[2020.08.23-13.11.11:916][430]LogScriptCore: Warning: Script Msg: No world was found for object (None.Default__AppLevelStreamingVolume) passed in to UEngine::GetWorldFromContextObject().
[2020.08.23-13.11.11:929][430]LogScriptCore: Warning: Script Msg: No world was found for object (None.Default__AvatarCustomizeUIComponent) passed in to UEngine::GetWorldFromContextObject().
[2020.08.23-13.11.11:930][430]LogScriptCore: Warning: Script Msg: No world was found for object (None.Default__AvatarCustomizeUIComponent) passed in to UEngine::GetWorldFromContextObject().
[2020.08.23-13.11.11:931][430]LogScriptCore: Warning: Script Msg: No world was found for object (None.None) passed in to UEngine::GetWorldFromContextObject().
[2020.08.23-13.11.11:931][430]LogScriptCore: Warning: Script Msg: No world was found for object (None.None) passed in to UEngine::GetWorldFromContextObject().
[2020.08.23-13.11.11:931][430]LogScriptCore: Warning: Script Msg: No world was found for object (None.Default__EffectDataTable_Field) passed in to UEngine::GetWorldFromContextObject().
[2020.08.23-13.11.11:932][430]LogScriptCore: Warning: Script Msg: No world was found for object (None.None) passed in to UEngine::GetWorldFromContextObject().
[2020.08.23-13.11.11:932][430]LogScriptCore: Warning: Script Msg: No world was found for object (None.None) passed in to UEngine::GetWorldFromContextObject().
[2020.08.23-13.11.11:932][430]LogScriptCore: Warning: Script Msg: No world was found for object (None.None) passed in to UEngine::GetWorldFromContextObject().
[2020.08.23-13.11.11:941][430]LogScriptCore: Warning: Script Msg: No world was found for object (None.None) passed in to UEngine::GetWorldFromContextObject().
[2020.08.23-13.11.11:941][430]LogScriptCore: Warning: Script Msg: No world was found for object (None.None) passed in to UEngine::GetWorldFromContextObject().
[2020.08.23-13.11.11:941][430]LogScriptCore: Warning: Script Msg: No world was found for object (None.None) passed in to UEngine::GetWorldFromContextObject().
[2020.08.23-13.11.12:372][430]LogScriptCore: Warning: Script Msg: No world was found for object (None.None) passed in to UEngine::GetWorldFromContextObject().
[2020.08.23-13.11.12:431][430]LogScriptCore: Warning: Script Msg: No world was found for object (None.None:None.LSV_Base01) passed in to UEngine::GetWorldFromContextObject().
[2020.08.23-13.11.12:431][430]LogScriptCore: Warning: Script Msg: No world was found for object (None.None:None.LSV_Base02) passed in to UEngine::GetWorldFromContextObject().
[2020.08.23-13.11.12:431][430]LogScriptCore: Warning: Script Msg: No world was found for object (None.None:None.LSV_Base03) passed in to UEngine::GetWorldFromContextObject().
[2020.08.23-13.11.12:431][430]LogScriptCore: Warning: Script Msg: No world was found for object (None.None:None.LSV_Ex2) passed in to UEngine::GetWorldFromContextObject().
[2020.08.23-13.11.12:431][430]LogScriptCore: Warning: Script Msg: No world was found for object (None.None:None.LSV_Ex3) passed in to UEngine::GetWorldFromContextObject().
[2020.08.23-13.11.12:432][430]LogScriptCore: Warning: Script Msg: No world was found for object (None.None:None.LSV_MilCamp) passed in to UEngine::GetWorldFromContextObject().
[2020.08.23-13.11.12:432][430]LogScriptCore: Warning: Script Msg: No world was found for object (None.None:None.LSV_PDFixed09) passed in to UEngine::GetWorldFromContextObject().
[2020.08.23-13.11.12:432][430]LogScriptCore: Warning: Script Msg: No world was found for object (None.None:None.LSV_PDFixed10) passed in to UEngine::GetWorldFromContextObject().
[2020.08.23-13.11.12:432][430]LogScriptCore: Warning: Script Msg: No world was found for object (None.None:None.LSV_PDFixed11) passed in to UEngine::GetWorldFromContextObject().
[2020.08.23-13.11.12:432][430]LogScriptCore: Warning: Script Msg: No world was found for object (None.None:None.LSV_PDFixed13) passed in to UEngine::GetWorldFromContextObject().
[2020.08.23-13.11.12:432][430]LogScriptCore: Warning: Script Msg: No world was found for object (None.None:None.LSV_PDFixed14) passed in to UEngine::GetWorldFromContextObject().
[2020.08.23-13.11.12:432][430]LogScriptCore: Warning: Script Msg: No world was found for object (None.None:None.LSV_PDFixed16) passed in to UEngine::GetWorldFromContextObject().
[2020.08.23-13.11.12:432][430]LogScriptCore: Warning: Script Msg: No world was found for object (None.None:None.LSV_PDFixed17) passed in to UEngine::GetWorldFromContextObject().
[2020.08.23-13.11.12:432][430]LogScriptCore: Warning: Script Msg: No world was found for object (None.None:None.LSV_PDFixed20) passed in to UEngine::GetWorldFromContextObject().
[2020.08.23-13.11.12:432][430]LogScriptCore: Warning: Script Msg: No world was found for object (None.None:None.LSV_PDFixed22) passed in to UEngine::GetWorldFromContextObject().
[2020.08.23-13.11.12:432][430]LogScriptCore: Warning: Script Msg: No world was found for object (None.None:None.LSV_PDFixed23) passed in to UEngine::GetWorldFromContextObject().
[2020.08.23-13.11.12:432][430]LogScriptCore: Warning: Script Msg: No world was found for object (None.None:None.LSV_PDFixed24) passed in to UEngine::GetWorldFromContextObject().
[2020.08.23-13.11.12:432][430]LogScriptCore: Warning: Script Msg: No world was found for object (None.None:None.LSV_PDFixed25) passed in to UEngine::GetWorldFromContextObject().
[2020.08.23-13.11.12:432][430]LogScriptCore: Warning: Script Msg: No world was found for object (None.None:None.LSV_St01) passed in to UEngine::GetWorldFromContextObject().
[2020.08.23-13.11.12:432][430]LogScriptCore: Warning: Script Msg: No world was found for object (None.None:None.LSV_St01_St13) passed in to UEngine::GetWorldFromContextObject().
[2020.08.23-13.11.12:432][430]LogScriptCore: Warning: Script Msg: No world was found for object (None.None:None.LSV_St01_St14) passed in to UEngine::GetWorldFromContextObject().
[2020.08.23-13.11.12:432][430]LogScriptCore: Warning: Script Msg: No world was found for object (None.None:None.LSV_St02) passed in to UEngine::GetWorldFromContextObject().
[2020.08.23-13.11.12:432][430]LogScriptCore: Warning: Script Msg: No world was found for object (None.None:None.LSV_St02_St05) passed in to UEngine::GetWorldFromContextObject().
[2020.08.23-13.11.12:432][430]LogScriptCore: Warning: Script Msg: No world was found for object (None.None:None.LSV_St04) passed in to UEngine::GetWorldFromContextObject().
[2020.08.23-13.11.12:432][430]LogScriptCore: Warning: Script Msg: No world was found for object (None.None:None.LSV_St04_St05_Halfway) passed in to UEngine::GetWorldFromContextObject().
[2020.08.23-13.11.12:432][430]LogScriptCore: Warning: Script Msg: No world was found for object (None.None:None.LSV_St04_St05a) passed in to UEngine::GetWorldFromContextObject().
[2020.08.23-13.11.12:433][430]LogScriptCore: Warning: Script Msg: No world was found for object (None.None:None.LSV_St04_St05b) passed in to UEngine::GetWorldFromContextObject().
[2020.08.23-13.11.12:433][430]LogScriptCore: Warning: Script Msg: No world was found for object (None.None:None.LSV_St04_Start) passed in to UEngine::GetWorldFromContextObject().
[2020.08.23-13.11.12:433][430]LogScriptCore: Warning: Script Msg: No world was found for object (None.None:None.LSV_St05_1) passed in to UEngine::GetWorldFromContextObject().
[2020.08.23-13.11.12:433][430]LogScriptCore: Warning: Script Msg: No world was found for object (None.None:None.LSV_St05_2) passed in to UEngine::GetWorldFromContextObject().
[2020.08.23-13.11.12:433][430]LogScriptCore: Warning: Script Msg: No world was found for object (None.None:None.LSV_St05_3) passed in to UEngine::GetWorldFromContextObject().
[2020.08.23-13.11.12:433][430]LogScriptCore: Warning: Script Msg: No world was found for object (None.None:None.LSV_St05_St02) passed in to UEngine::GetWorldFromContextObject().
[2020.08.23-13.11.12:433][430]LogScriptCore: Warning: Script Msg: No world was found for object (None.None:None.LSV_St05_St04) passed in to UEngine::GetWorldFromContextObject().
[2020.08.23-13.11.12:433][430]LogScriptCore: Warning: Script Msg: No world was found for object (None.None:None.LSV_St05_St06) passed in to UEngine::GetWorldFromContextObject().
[2020.08.23-13.11.12:433][430]LogScriptCore: Warning: Script Msg: No world was found for object (None.None:None.LSV_St05_St07_Halfway) passed in to UEngine::GetWorldFromContextObject().
[2020.08.23-13.11.12:433][430]LogScriptCore: Warning: Script Msg: No world was found for object (None.None:None.LSV_St05_St07a) passed in to UEngine::GetWorldFromContextObject().
[2020.08.23-13.11.12:433][430]LogScriptCore: Warning: Script Msg: No world was found for object (None.None:None.LSV_St05_St07b) passed in to UEngine::GetWorldFromContextObject().
[2020.08.23-13.11.12:433][430]LogScriptCore: Warning: Script Msg: No world was found for object (None.None:None.LSV_St06) passed in to UEngine::GetWorldFromContextObject().
[2020.08.23-13.11.12:433][430]LogScriptCore: Warning: Script Msg: No world was found for object (None.None:None.LSV_St06_St05) passed in to UEngine::GetWorldFromContextObject().
[2020.08.23-13.11.12:433][430]LogScriptCore: Warning: Script Msg: No world was found for object (None.None:None.LSV_St07) passed in to UEngine::GetWorldFromContextObject().
[2020.08.23-13.11.12:433][430]LogScriptCore: Warning: Script Msg: No world was found for object (None.None:None.LSV_St07_St05) passed in to UEngine::GetWorldFromContextObject().
[2020.08.23-13.11.12:433][430]LogScriptCore: Warning: Script Msg: No world was found for object (None.None:None.LSV_St07_St10) passed in to UEngine::GetWorldFromContextObject().
[2020.08.23-13.11.12:433][430]LogScriptCore: Warning: Script Msg: No world was found for object (None.None:None.LSV_St09_1) passed in to UEngine::GetWorldFromContextObject().
[2020.08.23-13.11.12:433][430]LogScriptCore: Warning: Script Msg: No world was found for object (None.None:None.LSV_St09_2) passed in to UEngine::GetWorldFromContextObject().
[2020.08.23-13.11.12:433][430]LogScriptCore: Warning: Script Msg: No world was found for object (None.None:None.LSV_St09_3) passed in to UEngine::GetWorldFromContextObject().
[2020.08.23-13.11.12:433][430]LogScriptCore: Warning: Script Msg: No world was found for object (None.None:None.LSV_St09_St12) passed in to UEngine::GetWorldFromContextObject().
[2020.08.23-13.11.12:434][430]LogScriptCore: Warning: Script Msg: No world was found for object (None.None:None.LSV_St09_St12_Halfway) passed in to UEngine::GetWorldFromContextObject().
[2020.08.23-13.11.12:434][430]LogScriptCore: Warning: Script Msg: No world was found for object (None.None:None.LSV_St10_1) passed in to UEngine::GetWorldFromContextObject().
[2020.08.23-13.11.12:434][430]LogScriptCore: Warning: Script Msg: No world was found for object (None.None:None.LSV_St10_2) passed in to UEngine::GetWorldFromContextObject().
[2020.08.23-13.11.12:434][430]LogScriptCore: Warning: Script Msg: No world was found for object (None.None:None.LSV_St10_3) passed in to UEngine::GetWorldFromContextObject().
[2020.08.23-13.11.12:434][430]LogScriptCore: Warning: Script Msg: No world was found for object (None.None:None.LSV_St10_St07) passed in to UEngine::GetWorldFromContextObject().
[2020.08.23-13.11.12:434][430]LogScriptCore: Warning: Script Msg: No world was found for object (None.None:None.LSV_St10_St11) passed in to UEngine::GetWorldFromContextObject().
[2020.08.23-13.11.12:434][430]LogScriptCore: Warning: Script Msg: No world was found for object (None.None:None.LSV_St11) passed in to UEngine::GetWorldFromContextObject().
[2020.08.23-13.11.12:434][430]LogScriptCore: Warning: Script Msg: No world was found for object (None.None:None.LSV_St11_St10) passed in to UEngine::GetWorldFromContextObject().
[2020.08.23-13.11.12:434][430]LogScriptCore: Warning: Script Msg: No world was found for object (None.None:None.LSV_St12) passed in to UEngine::GetWorldFromContextObject().
[2020.08.23-13.11.12:434][430]LogScriptCore: Warning: Script Msg: No world was found for object (None.None:None.LSV_St12_St09a) passed in to UEngine::GetWorldFromContextObject().
[2020.08.23-13.11.12:434][430]LogScriptCore: Warning: Script Msg: No world was found for object (None.None:None.LSV_St12_St09b) passed in to UEngine::GetWorldFromContextObject().
[2020.08.23-13.11.12:434][430]LogScriptCore: Warning: Script Msg: No world was found for object (None.None:None.LSV_St13) passed in to UEngine::GetWorldFromContextObject().
[2020.08.23-13.11.12:434][430]LogScriptCore: Warning: Script Msg: No world was found for object (None.None:None.LSV_St13_St01) passed in to UEngine::GetWorldFromContextObject().
[2020.08.23-13.11.12:434][430]LogScriptCore: Warning: Script Msg: No world was found for object (None.None:None.LSV_St14) passed in to UEngine::GetWorldFromContextObject().
[2020.08.23-13.11.12:434][430]LogScriptCore: Warning: Script Msg: No world was found for object (None.None:None.LSV_St14_2) passed in to UEngine::GetWorldFromContextObject().
[2020.08.23-13.11.12:434][430]LogScriptCore: Warning: Script Msg: No world was found for object (None.None:None.LSV_St14_3) passed in to UEngine::GetWorldFromContextObject().
[2020.08.23-13.11.12:434][430]LogScriptCore: Warning: Script Msg: No world was found for object (None.None:None.LSV_St14_St01) passed in to UEngine::GetWorldFromContextObject().
[2020.08.23-13.11.12:434][430]LogScriptCore: Warning: Script Msg: No world was found for object (None.None:None.LSV_St14_St15) passed in to UEngine::GetWorldFromContextObject().
[2020.08.23-13.11.12:434][430]LogScriptCore: Warning: Script Msg: No world was found for object (None.None:None.LSV_St15) passed in to UEngine::GetWorldFromContextObject().
[2020.08.23-13.11.12:434][430]LogScriptCore: Warning: Script Msg: No world was found for object (None.None:None.LSV_St15_St14) passed in to UEngine::GetWorldFromContextObject().
[2020.08.23-13.11.12:434][430]LogScriptCore: Warning: Script Msg: No world was found for object (None.None:None.LSV_St15_St14_2) passed in to UEngine::GetWorldFromContextObject().
[2020.08.23-13.11.12:435][430]LogScriptCore: Warning: Script Msg: No world was found for object (None.None:None.LSV_St17) passed in to UEngine::GetWorldFromContextObject().
[2020.08.23-13.11.12:435][430]LogScriptCore: Warning: Script Msg: No world was found for object (None.None:None.LSV_St18) passed in to UEngine::GetWorldFromContextObject().
[2020.08.23-13.11.12:435][430]LogScriptCore: Warning: Script Msg: No world was found for object (None.None:None.LSV_St19) passed in to UEngine::GetWorldFromContextObject().
[2020.08.23-13.11.18:539][430]Log file closed, 08/23/20 20:11:18
